<?xml version="1.0" encoding="UTF-8"?>
<!-- Generated by org.testng.reporters.JUnitXMLReporter -->
<testsuite ignored="4" hostname="MacBook-Pro.local" failures="0" tests="1" name="Default test" time="0.582" errors="0" timestamp="2024-05-22T09:44:44 AEST">
  <testcase classname="test.TestOnLocalAPI" name="delete" time="0.566"/>
  <testcase classname="test.TestOnLocalAPI" name="patch" time="0.0">
    <ignored/>
  </testcase> <!-- patch -->
  <testcase classname="test.TestOnLocalAPI" name="post" time="0.0">
    <ignored/>
  </testcase> <!-- post -->
  <testcase classname="test.TestOnLocalAPI" name="put" time="0.0">
    <ignored/>
  </testcase> <!-- put -->
  <testcase classname="test.TestOnLocalAPI" name="get" time="0.0">
    <ignored/>
  </testcase> <!-- get -->
</testsuite> <!-- Default test -->
