<?xml version="1.0" encoding="UTF-8"?>
<testng-results ignored="0" total="1" passed="1" failed="0" skipped="0">
  <reporter-output>
  </reporter-output>
  <suite started-at="2024-05-22T09:44:43 AEST" name="Default suite" finished-at="2024-05-22T09:44:44 AEST" duration-ms="582">
    <groups>
    </groups>
    <test started-at="2024-05-22T09:44:43 AEST" name="Default test" finished-at="2024-05-22T09:44:44 AEST" duration-ms="582">
      <class name="test.TestOnLocalAPI">
        <test-method signature="delete()[pri:0, instance:test.TestOnLocalAPI@19bb07ed]" started-at="2024-05-22T09:44:43 AEST" name="delete" finished-at="2024-05-22T09:44:44 AEST" duration-ms="566" status="PASS">
          <reporter-output>
          </reporter-output>
        </test-method> <!-- delete -->
      </class> <!-- test.TestOnLocalAPI -->
    </test> <!-- Default test -->
  </suite> <!-- Default suite -->
</testng-results>
