<?xml version="1.0" encoding="UTF-8"?>
<testng-results ignored="0" total="1" passed="1" failed="0" skipped="0">
  <reporter-output>
  </reporter-output>
  <suite started-at="2024-05-22T20:03:19 AEST" name="Default suite" finished-at="2024-05-22T20:03:21 AEST" duration-ms="1346">
    <groups>
    </groups>
    <test started-at="2024-05-22T20:03:19 AEST" name="Default test" finished-at="2024-05-22T20:03:21 AEST" duration-ms="1346">
      <class name="test.TestExamples">
        <test-method signature="test_Get()[pri:0, instance:test.TestExamples@15c43bd9]" started-at="2024-05-22T20:03:19 AEST" name="test_Get" finished-at="2024-05-22T20:03:21 AEST" duration-ms="1326" status="PASS">
          <reporter-output>
          </reporter-output>
        </test-method> <!-- test_Get -->
      </class> <!-- test.TestExamples -->
    </test> <!-- Default test -->
  </suite> <!-- Default suite -->
</testng-results>
